<?xml version="1.0" encoding="UTF-8"?>
<testng-results skipped="0" failed="0" ignored="0" total="1" passed="1">
  <reporter-output>
  </reporter-output>
  <suite name="Surefire suite" duration-ms="37650" started-at="2023-01-13T10:01:40Z" finished-at="2023-01-13T10:02:18Z">
    <groups>
      <group name="cucumber">
        <method signature="AbstractTestNGCucumberTests.feature(cucumber.api.testng.CucumberFeatureWrapper)[pri:0, instance:com.test.runner.TestRunner@1e965684]" name="feature" class="cucumber.api.testng.AbstractTestNGCucumberTests"/>
      </group> <!-- cucumber -->
    </groups>
    <test name="Surefire test" duration-ms="37650" started-at="2023-01-13T10:01:40Z" finished-at="2023-01-13T10:02:18Z">
      <class name="com.test.runner.TestRunner">
        <test-method status="PASS" signature="setUpClass()[pri:0, instance:com.test.runner.TestRunner@1e965684]" name="setUpClass" is-config="true" duration-ms="155" started-at="2023-01-13T15:31:40Z" finished-at="2023-01-13T15:31:40Z">
          <reporter-output>
          </reporter-output>
        </test-method> <!-- setUpClass -->
        <test-method status="PASS" signature="feature(cucumber.api.testng.CucumberFeatureWrapper)[pri:0, instance:com.test.runner.TestRunner@1e965684]" name="feature" duration-ms="37422" started-at="2023-01-13T15:31:40Z" description="Runs Cucumber Feature" data-provider="features" finished-at="2023-01-13T15:32:18Z">
          <params>
            <param index="0">
              <value>
                <![CDATA[GoogleUI validation]]>
              </value>
            </param>
          </params>
          <reporter-output>
          </reporter-output>
        </test-method> <!-- feature -->
        <test-method status="PASS" signature="tearDownClass()[pri:0, instance:com.test.runner.TestRunner@1e965684]" name="tearDownClass" is-config="true" duration-ms="8" started-at="2023-01-13T15:32:18Z" finished-at="2023-01-13T15:32:18Z">
          <reporter-output>
          </reporter-output>
        </test-method> <!-- tearDownClass -->
      </class> <!-- com.test.runner.TestRunner -->
    </test> <!-- Surefire test -->
  </suite> <!-- Surefire suite -->
</testng-results>
