<?xml version="1.0" encoding="UTF-8"?>
<testsuite xmlns:xsi="http://www.w3.org/2001/XMLSchema-instance" xsi:noNamespaceSchemaLocation="https://maven.apache.org/surefire/maven-surefire-plugin/xsd/surefire-test-report-3.0.xsd" version="3.0" name="com.test.runner.TestRunner" time="37.848" tests="1" errors="0" skipped="0" failures="0">
  <properties>
[...]
</properties>
  <testcase name="feature[GoogleUI validation](1)" classname="com.test.runner.TestRunner" time="37.428">
    <system-out><![CDATA[#Author: Premprakash
#Date : 11th Jan 2023
#Description : This Feature file is to hold all GoogleUI related scenario testcases to be handled.
#Last modified : 11th Jan 2023
#ChangeLog :
#     			<Version number> : < Author> : < Date> : <Desc>
@Regresssion
Feature: GoogleUI validation
Google
Page successfully invoked

  @TC1
  Scenario: Validate Google search response for provided Keyword  # UI/GoogleUI.feature:12
    Given Provided with search keyword "Prudential PLC"           # GoogleUI.provided_with_search_keyword(String)
    When Perform search operation for the given keyword on google # GoogleUI.perform_search_operation_for_the_given_keyword_on_google()
    Then Verify the top response as expected and Navigate         # GoogleUI.verify_the_top_response_as_expected_and_navigate()
    And Verify that the landed page is PrudentialPLC homepage     # GoogleUI.verify_that_the_landed_page_is_prudential_plc_homepage()
    Then Close the browser and Quit the Driver                    # GoogleUI.close_the_browser_and_quit_the_driver()
Google
Page successfully invoked

  @TC2
  Scenario: Validate Google search response for provided reversed keyword # UI/GoogleUI.feature:20
    Given Provided with search keyword "PLC Prudential"                   # GoogleUI.provided_with_search_keyword(String)
    When Perform search operation for the given keyword on google         # GoogleUI.perform_search_operation_for_the_given_keyword_on_google()
    Then Verify the top response as expected and Navigate                 # GoogleUI.verify_the_top_response_as_expected_and_navigate()
    And Verify that the landed page is PrudentialPLC homepage             # GoogleUI.verify_that_the_landed_page_is_prudential_plc_homepage()
    Then Close the browser and Quit the Driver                            # GoogleUI.close_the_browser_and_quit_the_driver()
Google
Page successfully invoked

  @TC3
  Scenario: Validate Google search response for provided incorrect spelled keyword # UI/GoogleUI.feature:28
    Given Provided with search keyword "Purendtial plc"                            # GoogleUI.provided_with_search_keyword(String)
    When Perform search operation for the given keyword on google                  # GoogleUI.perform_search_operation_for_the_given_keyword_on_google()
    Then Verify the top response as expected and Navigate                          # GoogleUI.verify_the_top_response_as_expected_and_navigate()
    And Verify that the landed page is PrudentialPLC homepage                      # GoogleUI.verify_that_the_landed_page_is_prudential_plc_homepage()
    Then Close the browser and Quit the Driver                                     # GoogleUI.close_the_browser_and_quit_the_driver()
Google
Page successfully invoked
Facebook
Metamissed to have the keyword
First populated value is not matching with FullKeyword

  @TC4
  Scenario: Validate Google Auto compelete                                                # UI/GoogleUI.feature:36
    Given Provided with search keyword "face"                                             # GoogleUI.provided_with_search_keyword(String)
    When Enter keyword should auto populate all relavant suggestions                      # GoogleUI.enter_keyword_should_auto_populate_all_relavant_suggestions()
    Then Validate all the recommended list contains the provided keyword or not           # GoogleUI.validate_all_the_recommended_list_contains_the_provided_keyword_or_not()
    And Choose "facebook" from the recommandation and validate the populated top response # GoogleUI.choose_from_the_recommandation_and_validate_the_populated_top_response(String)
    Then Close the browser and Quit the Driver                                            # GoogleUI.close_the_browser_and_quit_the_driver()
]]></system-out>
    <system-err><![CDATA[SLF4J: Failed to load class "org.slf4j.impl.StaticLoggerBinder".
SLF4J: Defaulting to no-operation (NOP) logger implementation
SLF4J: See http://www.slf4j.org/codes.html#StaticLoggerBinder for further details.
log4j:WARN No appenders could be found for logger (io.netty.util.internal.logging.InternalLoggerFactory).
log4j:WARN Please initialize the log4j system properly.
log4j:WARN See http://logging.apache.org/log4j/1.2/faq.html#noconfig for more info.
Starting ChromeDriver 108.0.5359.71 (1e0e3868ee06e91ad636a874420e3ca3ae3756ac-refs/branch-heads/5359@{#1016}) on port 39843
Only local connections are allowed.
Please see https://chromedriver.chromium.org/security-considerations for suggestions on keeping ChromeDriver safe.
ChromeDriver was started successfully.
Jan 13, 2023 3:31:43 PM org.openqa.selenium.remote.ProtocolHandshake createSession
INFO: Detected dialect: W3C
Starting ChromeDriver 108.0.5359.71 (1e0e3868ee06e91ad636a874420e3ca3ae3756ac-refs/branch-heads/5359@{#1016}) on port 64352
Only local connections are allowed.
Please see https://chromedriver.chromium.org/security-considerations for suggestions on keeping ChromeDriver safe.
ChromeDriver was started successfully.
Jan 13, 2023 3:31:53 PM org.openqa.selenium.remote.ProtocolHandshake createSession
INFO: Detected dialect: W3C
Starting ChromeDriver 108.0.5359.71 (1e0e3868ee06e91ad636a874420e3ca3ae3756ac-refs/branch-heads/5359@{#1016}) on port 12638
Only local connections are allowed.
Please see https://chromedriver.chromium.org/security-considerations for suggestions on keeping ChromeDriver safe.
ChromeDriver was started successfully.
Jan 13, 2023 3:32:01 PM org.openqa.selenium.remote.ProtocolHandshake createSession
INFO: Detected dialect: W3C
Starting ChromeDriver 108.0.5359.71 (1e0e3868ee06e91ad636a874420e3ca3ae3756ac-refs/branch-heads/5359@{#1016}) on port 22967
Only local connections are allowed.
Please see https://chromedriver.chromium.org/security-considerations for suggestions on keeping ChromeDriver safe.
ChromeDriver was started successfully.
Jan 13, 2023 3:32:13 PM org.openqa.selenium.remote.ProtocolHandshake createSession
INFO: Detected dialect: W3C
]]></system-err>
  </testcase>
</testsuite>